2025-10-06 15:45:51 [INFO ] Servidor ouvindo na porta 5555
2025-10-06 15:46:26 [INFO ] Conectado a 127.0.0.1:5555
2025-10-06 15:46:26 [INFO ] Novo cliente conectado (fd=5)
2025-10-06 15:46:27 [INFO ] RX fd=5 'test'
2025-10-06 15:46:27 [DEBUG] Broadcast: test

2025-10-06 15:46:33 [INFO ] Cliente fd=5 desconectou
2025-10-06 15:46:35 [INFO ] Encerrando servidor...
2025-10-06 15:46:35 [INFO ] Broadcaster finalizado
2025-10-06 15:46:35 [INFO ] Aceitação finalizada
2025-10-06 15:46:35 [INFO ] Servidor finalizado com sucesso
2025-10-06 15:55:18 [INFO ] Servidor ouvindo na porta 5555
2025-10-06 15:55:24 [INFO ] Novo cliente conectado (fd=5)
2025-10-06 15:55:24 [INFO ] Conectado a 127.0.0.1:5555
2025-10-06 15:55:27 [INFO ] RX fd=5 'mensagem 1'
2025-10-06 15:55:27 [DEBUG] Broadcast: mensagem 1

2025-10-06 15:55:29 [INFO ] RX fd=5 'mensagem 2'
2025-10-06 15:55:29 [DEBUG] Broadcast: mensagem 2

2025-10-06 15:55:58 [INFO ] Conectado a 127.0.0.1:5555
2025-10-06 15:55:58 [INFO ] Novo cliente conectado (fd=6)
2025-10-06 15:56:04 [INFO ] Broadcaster finalizado
2025-10-06 15:56:04 [INFO ] Encerrando servidor...
2025-10-06 15:56:04 [INFO ] Cliente fd=5 desconectou
2025-10-06 15:56:04 [INFO ] Aceitação finalizada
2025-10-06 15:56:04 [WARN ] Conexão encerrada pelo servidor
2025-10-06 15:56:04 [WARN ] Conexão encerrada pelo servidor
2025-10-06 15:56:04 [INFO ] Servidor finalizado com sucesso
